2021-02-14 22:12:30.141  INFO 2372 --- [main] com.example.demo.DemoApplication         : Starting DemoApplication using Java 1.8.0_221 on DESKTOP-8LLDCBD with PID 2372 (C:\Users\xiaohei\Desktop\dem\target\classes started by xiaohei in C:\Users\xiaohei\Desktop\dem)
2021-02-14 22:12:30.145  INFO 2372 --- [main] com.example.demo.DemoApplication         : No active profile set, falling back to default profiles: default
2021-02-14 22:12:30.223  WARN 2372 --- [background-preinit] o.s.h.c.j.Jackson2ObjectMapperBuilder    : For Jackson Kotlin classes support please add "com.fasterxml.jackson.module:jackson-module-kotlin" to the classpath
2021-02-14 22:12:31.134  INFO 2372 --- [main] o.s.b.w.embedded.tomcat.TomcatWebServer  : Tomcat initialized with port(s): 8888 (http)
2021-02-14 22:12:31.142  INFO 2372 --- [main] o.apache.catalina.core.StandardService   : Starting service [Tomcat]
2021-02-14 22:12:31.143  INFO 2372 --- [main] org.apache.catalina.core.StandardEngine  : Starting Servlet engine: [Apache Tomcat/9.0.41]
2021-02-14 22:12:31.221  INFO 2372 --- [main] o.a.c.c.C.[Tomcat].[localhost].[/]       : Initializing Spring embedded WebApplicationContext
2021-02-14 22:12:31.221  INFO 2372 --- [main] w.s.c.ServletWebServerApplicationContext : Root WebApplicationContext: initialization completed in 1023 ms
2021-02-14 22:12:31.323  INFO 2372 --- [main] c.a.d.s.b.a.DruidDataSourceAutoConfigure : Init DruidDataSource
2021-02-14 22:12:31.412  INFO 2372 --- [main] com.alibaba.druid.pool.DruidDataSource   : {dataSource-1} inited
2021-02-14 22:12:31.742  INFO 2372 --- [main] o.s.s.concurrent.ThreadPoolTaskExecutor  : Initializing ExecutorService 'applicationTaskExecutor'
2021-02-14 22:12:31.860  INFO 2372 --- [main] o.s.b.a.w.s.WelcomePageHandlerMapping    : Adding welcome page template: index
2021-02-14 22:12:31.964  INFO 2372 --- [main] o.s.s.c.ThreadPoolTaskScheduler          : Initializing ExecutorService 'taskScheduler'
2021-02-14 22:12:32.000  INFO 2372 --- [main] o.s.b.w.embedded.tomcat.TomcatWebServer  : Tomcat started on port(s): 8888 (http) with context path ''
2021-02-14 22:12:32.009  INFO 2372 --- [main] com.example.demo.DemoApplication         : Started DemoApplication in 2.245 seconds (JVM running for 2.932)
2021-02-14 22:12:49.042  INFO 2372 --- [http-nio-8888-exec-1] o.a.c.c.C.[Tomcat].[localhost].[/]       : Initializing Spring DispatcherServlet 'dispatcherServlet'
2021-02-14 22:12:49.042  INFO 2372 --- [http-nio-8888-exec-1] o.s.web.servlet.DispatcherServlet        : Initializing Servlet 'dispatcherServlet'
2021-02-14 22:12:49.044  INFO 2372 --- [http-nio-8888-exec-1] o.s.web.servlet.DispatcherServlet        : Completed initialization in 2 ms
2021-02-14 22:20:05.356  INFO 11552 --- [main] com.example.demo.DemoApplication         : Starting DemoApplication using Java 1.8.0_221 on DESKTOP-8LLDCBD with PID 11552 (C:\Users\xiaohei\Desktop\dem\target\classes started by xiaohei in C:\Users\xiaohei\Desktop\dem)
2021-02-14 22:20:05.358  INFO 11552 --- [main] com.example.demo.DemoApplication         : No active profile set, falling back to default profiles: default
2021-02-14 22:20:05.420  WARN 11552 --- [background-preinit] o.s.h.c.j.Jackson2ObjectMapperBuilder    : For Jackson Kotlin classes support please add "com.fasterxml.jackson.module:jackson-module-kotlin" to the classpath
2021-02-14 22:20:06.228  INFO 11552 --- [main] o.s.b.w.embedded.tomcat.TomcatWebServer  : Tomcat initialized with port(s): 8888 (http)
2021-02-14 22:20:06.236  INFO 11552 --- [main] o.apache.catalina.core.StandardService   : Starting service [Tomcat]
2021-02-14 22:20:06.236  INFO 11552 --- [main] org.apache.catalina.core.StandardEngine  : Starting Servlet engine: [Apache Tomcat/9.0.41]
2021-02-14 22:20:06.312  INFO 11552 --- [main] o.a.c.c.C.[Tomcat].[localhost].[/]       : Initializing Spring embedded WebApplicationContext
2021-02-14 22:20:06.312  INFO 11552 --- [main] w.s.c.ServletWebServerApplicationContext : Root WebApplicationContext: initialization completed in 909 ms
2021-02-14 22:20:06.405  INFO 11552 --- [main] c.a.d.s.b.a.DruidDataSourceAutoConfigure : Init DruidDataSource
2021-02-14 22:20:06.494  INFO 11552 --- [main] com.alibaba.druid.pool.DruidDataSource   : {dataSource-1} inited
2021-02-14 22:20:06.843  INFO 11552 --- [main] o.s.s.concurrent.ThreadPoolTaskExecutor  : Initializing ExecutorService 'applicationTaskExecutor'
2021-02-14 22:20:06.899  INFO 11552 --- [main] o.s.b.a.w.s.WelcomePageHandlerMapping    : Adding welcome page template: index
2021-02-14 22:20:07.048  INFO 11552 --- [main] o.s.s.c.ThreadPoolTaskScheduler          : Initializing ExecutorService 'taskScheduler'
2021-02-14 22:20:07.085  INFO 11552 --- [main] o.s.b.w.embedded.tomcat.TomcatWebServer  : Tomcat started on port(s): 8888 (http) with context path ''
2021-02-14 22:20:07.095  INFO 11552 --- [main] com.example.demo.DemoApplication         : Started DemoApplication in 2.154 seconds (JVM running for 2.992)
2021-02-14 22:20:09.454  INFO 11552 --- [http-nio-8888-exec-1] o.a.c.c.C.[Tomcat].[localhost].[/]       : Initializing Spring DispatcherServlet 'dispatcherServlet'
2021-02-14 22:20:09.454  INFO 11552 --- [http-nio-8888-exec-1] o.s.web.servlet.DispatcherServlet        : Initializing Servlet 'dispatcherServlet'
2021-02-14 22:20:09.456  INFO 11552 --- [http-nio-8888-exec-1] o.s.web.servlet.DispatcherServlet        : Completed initialization in 1 ms
